<?xml version="1.0" encoding="UTF-8"?>
<!-- Generated by org.testng.reporters.JUnitXMLReporter -->
<testsuite ignored="1" hostname="DOQFYLP-42" failures="1" tests="1" name="Test" time="0.146" errors="0" timestamp="2025-06-18T22:31:45 IST">
  <testcase classname="testCases.Tc001_login" name="loginTest" time="0.08">
    <failure type="java.lang.NullPointerException" message="Cannot invoke &amp;quot;java.util.Properties.getProperty(String)&amp;quot; because &amp;quot;this.p&amp;quot; is null">
      <![CDATA[java.lang.NullPointerException: Cannot invoke "java.util.Properties.getProperty(String)" because "this.p" is null
at testCases.Tc001_login.loginTest(Tc001_login.java:18)
at java.base/java.util.ArrayList.forEach(ArrayList.java:1597)
... Removed 25 stack frames]]>
    </failure>
  </testcase> <!-- loginTest -->
  <testcase classname="testCases.loginddt" name="verifylogin" time="0.0">
    <ignored/>
  </testcase> <!-- verifylogin -->
</testsuite> <!-- Test -->
