<?xml version="1.0" encoding="UTF-8"?>
<!-- Generated by org.testng.reporters.JUnitXMLReporter -->
<testsuite ignored="0" hostname="DOQFYLP-42" failures="0" tests="3" name="edgetest" time="22.976" errors="0" timestamp="2025-06-19T18:04:53 IST">
  <testcase classname="testCases.Tc001_login" name="loginTest" time="0.889"/>
  <testcase classname="testCases.loginddt" name="verifylogin" time="3.295"/>
  <testcase classname="testCases.loginddt" name="verifylogin" time="3.877"/>
</testsuite> <!-- edgetest -->
