<?xml version="1.0" encoding="UTF-8"?>
<!-- Generated by org.testng.reporters.JUnitXMLReporter -->
<testsuite ignored="0" hostname="DOQFYLP-42" failures="0" tests="3" name="fire" time="20.101" errors="0" timestamp="2025-06-21T22:50:46 IST">
  <testcase classname="testCases.Tc001_login" name="loginTest" time="0.001">
    <skipped/>
  </testcase> <!-- loginTest -->
  <testcase classname="testCases.loginddt" name="verifylogin" time="0.0">
    <skipped/>
  </testcase> <!-- verifylogin -->
  <testcase classname="testCases.loginddt" name="verifylogin" time="0.0">
    <skipped/>
  </testcase> <!-- verifylogin -->
</testsuite> <!-- fire -->
